{"C:\\Users\\mkarthick\\Downloads\\node\\Book App\\Tests\\bookControllerTests.js":{"path":"C:\\Users\\mkarthick\\Downloads\\node\\Book App\\Tests\\bookControllerTests.js","s":{"1":1,"2":1,"3":0,"4":0,"5":0,"6":0,"7":0,"8":0,"9":0,"10":0,"11":0,"12":0},"b":{},"f":{"1":0,"2":0,"3":0,"4":0,"5":0},"fnMap":{"1":{"name":"(anonymous_1)","line":5,"loc":{"start":{"line":5,"column":34},"end":{"line":5,"column":45}}},"2":{"name":"(anonymous_2)","line":6,"loc":{"start":{"line":6,"column":26},"end":{"line":6,"column":37}}},"3":{"name":"(anonymous_3)","line":7,"loc":{"start":{"line":7,"column":54},"end":{"line":7,"column":65}}},"4":{"name":"(anonymous_4)","line":8,"loc":{"start":{"line":8,"column":23},"end":{"line":8,"column":34}}},"5":{"name":"(anonymous_5)","line":9,"loc":{"start":{"line":9,"column":28},"end":{"line":9,"column":39}}}},"statementMap":{"1":{"start":{"line":1,"column":0},"end":{"line":3,"column":50}},"2":{"start":{"line":5,"column":0},"end":{"line":31,"column":2}},"3":{"start":{"line":6,"column":4},"end":{"line":30,"column":6}},"4":{"start":{"line":7,"column":8},"end":{"line":29,"column":10}},"5":{"start":{"line":8,"column":12},"end":{"line":10,"column":14}},"6":{"start":{"line":9,"column":16},"end":{"line":9,"column":42}},"7":{"start":{"line":12,"column":12},"end":{"line":16,"column":14}},"8":{"start":{"line":18,"column":12},"end":{"line":22,"column":14}},"9":{"start":{"line":24,"column":12},"end":{"line":24,"column":80}},"10":{"start":{"line":25,"column":12},"end":{"line":25,"column":42}},"11":{"start":{"line":27,"column":12},"end":{"line":27,"column":120}},"12":{"start":{"line":28,"column":12},"end":{"line":28,"column":73}}},"branchMap":{}}}