TN:
SF:C:\Users\mkarthick\Downloads\node\Book App\app.js
FN:19,(anonymous_0)
FNF:1
FNH:1
FNDA:1,(anonymous_0)
DA:1,1
DA:2,1
DA:3,1
DA:4,1
DA:5,1
DA:6,1
DA:7,1
DA:9,1
DA:10,1
DA:13,1
DA:14,1
DA:16,1
DA:17,1
DA:19,1
DA:24,1
LF:15
LH:15
BRF:0
BRH:0
end_of_record
TN:
SF:C:\Users\mkarthick\Downloads\node\Book App\config.js
FNF:0
FNH:0
DA:1,1
DA:3,1
DA:4,1
DA:6,1
LF:4
LH:4
BRDA:3,0,0,1
BRDA:3,0,1,1
BRF:2
BRH:2
end_of_record
TN:
SF:C:\Users\mkarthick\Downloads\node\Book App\controllers\bookcontroller.js
FN:4,bookConroller
FN:5,getBooks
FN:13,(anonymous_2)
FN:21,addBook
FN:27,(anonymous_4)
FN:38,findBook
FN:39,(anonymous_6)
FN:50,replaceBook
FN:57,(anonymous_8)
FN:65,updateBook
FN:69,(anonymous_10)
FN:72,(anonymous_11)
FN:80,removeBook
FN:81,(anonymous_13)
FN:89,getBookbyId
FNF:15
FNH:15
FNDA:2,bookConroller
FNDA:3,getBooks
FNDA:3,(anonymous_2)
FNDA:2,addBook
FNDA:1,(anonymous_4)
FNDA:4,findBook
FNDA:4,(anonymous_6)
FNDA:1,replaceBook
FNDA:1,(anonymous_8)
FNDA:1,updateBook
FNDA:2,(anonymous_10)
FNDA:1,(anonymous_11)
FNDA:1,removeBook
FNDA:1,(anonymous_13)
FNDA:1,getBookbyId
DA:1,1
DA:2,1
DA:4,1
DA:5,2
DA:6,3
DA:7,3
DA:8,1
DA:10,3
DA:11,1
DA:13,3
DA:14,3
DA:15,0
DA:17,3
DA:21,2
DA:22,2
DA:23,1
DA:24,1
DA:26,1
DA:27,1
DA:28,1
DA:29,0
DA:30,0
DA:32,1
DA:33,1
DA:38,2
DA:39,4
DA:40,4
DA:41,0
DA:42,4
DA:43,4
DA:44,4
DA:46,0
DA:50,2
DA:51,1
DA:52,1
DA:53,1
DA:54,1
DA:55,1
DA:56,1
DA:57,1
DA:58,1
DA:59,0
DA:61,1
DA:65,2
DA:66,1
DA:67,0
DA:69,1
DA:70,2
DA:72,1
DA:73,1
DA:74,0
DA:76,1
DA:80,2
DA:81,1
DA:82,1
DA:83,0
DA:85,1
DA:89,2
DA:90,1
DA:93,2
DA:104,1
LF:61
LH:52
BRDA:7,0,0,1
BRDA:7,0,1,2
BRDA:10,1,0,1
BRDA:10,1,1,2
BRDA:14,2,0,0
BRDA:14,2,1,3
BRDA:22,3,0,1
BRDA:22,3,1,1
BRDA:28,4,0,0
BRDA:28,4,1,1
BRDA:40,5,0,0
BRDA:40,5,1,4
BRDA:42,6,0,4
BRDA:42,6,1,0
BRDA:58,7,0,0
BRDA:58,7,1,1
BRDA:66,8,0,0
BRDA:66,8,1,1
BRDA:73,9,0,0
BRDA:73,9,1,1
BRDA:82,10,0,0
BRDA:82,10,1,1
BRF:22
BRH:14
end_of_record
TN:
SF:C:\Users\mkarthick\Downloads\node\Book App\database\index.js
FN:5,dbConnect
FNF:1
FNH:1
FNDA:1,dbConnect
DA:1,1
DA:2,1
DA:5,1
DA:6,1
DA:7,1
DA:9,0
DA:13,1
LF:7
LH:6
BRDA:6,0,0,1
BRDA:6,0,1,0
BRF:2
BRH:1
end_of_record
TN:
SF:C:\Users\mkarthick\Downloads\node\Book App\models\bookmodel.js
FNF:0
FNH:0
DA:1,1
DA:3,1
DA:6,1
DA:15,1
LF:4
LH:4
BRF:0
BRH:0
end_of_record
TN:
SF:C:\Users\mkarthick\Downloads\node\Book App\routes\bookroutes.js
FN:4,bookRouter
FNF:1
FNH:1
FNDA:1,bookRouter
DA:1,1
DA:2,1
DA:4,1
DA:5,1
DA:6,1
DA:7,1
DA:11,1
DA:12,1
DA:18,1
DA:21,1
LF:10
LH:10
BRF:0
BRH:0
end_of_record
TN:
SF:C:\Users\mkarthick\Downloads\node\Book App\tests\bookcontrollertests.js
FN:5,(anonymous_0)
FN:6,(anonymous_1)
FN:7,(anonymous_2)
FNF:3
FNH:3
FNDA:1,(anonymous_0)
FNDA:1,(anonymous_1)
FNDA:1,(anonymous_2)
DA:1,1
DA:2,1
DA:3,1
DA:5,1
DA:6,1
DA:7,1
DA:8,1
DA:14,1
DA:20,1
DA:21,1
DA:23,1
DA:24,1
LF:12
LH:12
BRF:0
BRH:0
end_of_record
TN:
SF:C:\Users\mkarthick\Downloads\node\Book App\tests\bookintegrationtests.js
FN:10,(anonymous_0)
FN:17,(anonymous_1)
FN:21,(anonymous_2)
FN:27,(anonymous_3)
FN:32,(anonymous_4)
FN:40,(anonymous_5)
FN:52,(anonymous_6)
FN:58,(anonymous_7)
FN:71,(anonymous_8)
FN:78,(anonymous_9)
FN:85,(anonymous_10)
FN:95,(anonymous_11)
FN:102,(anonymous_12)
FN:112,(anonymous_13)
FN:120,(anonymous_14)
FN:125,(anonymous_15)
FN:127,(anonymous_16)
FN:133,(anonymous_17)
FNF:18
FNH:18
FNDA:1,(anonymous_0)
FNDA:1,(anonymous_1)
FNDA:1,(anonymous_2)
FNDA:1,(anonymous_3)
FNDA:1,(anonymous_4)
FNDA:1,(anonymous_5)
FNDA:1,(anonymous_6)
FNDA:1,(anonymous_7)
FNDA:1,(anonymous_8)
FNDA:1,(anonymous_9)
FNDA:1,(anonymous_10)
FNDA:1,(anonymous_11)
FNDA:1,(anonymous_12)
FNDA:1,(anonymous_13)
FNDA:1,(anonymous_14)
FNDA:1,(anonymous_15)
FNDA:1,(anonymous_16)
FNDA:7,(anonymous_17)
DA:1,1
DA:2,1
DA:3,1
DA:4,1
DA:5,1
DA:8,1
DA:10,1
DA:11,1
DA:17,1
DA:18,1
DA:22,1
DA:23,1
DA:24,1
DA:27,1
DA:28,1
DA:29,1
DA:30,1
DA:33,1
DA:34,1
DA:35,1
DA:36,1
DA:37,1
DA:40,1
DA:41,1
DA:42,1
DA:43,1
DA:47,1
DA:48,1
DA:50,1
DA:53,1
DA:54,1
DA:55,1
DA:58,1
DA:59,1
DA:60,1
DA:61,1
DA:66,1
DA:67,1
DA:69,1
DA:72,1
DA:73,1
DA:74,1
DA:76,1
DA:79,1
DA:80,1
DA:81,1
DA:82,1
DA:85,1
DA:86,1
DA:87,1
DA:88,1
DA:92,1
DA:96,1
DA:97,1
DA:98,1
DA:99,1
DA:102,1
DA:103,1
DA:104,1
DA:105,1
DA:109,1
DA:114,1
DA:115,1
DA:116,1
DA:117,1
DA:120,1
DA:121,1
DA:122,1
DA:123,1
DA:127,1
DA:128,1
DA:129,1
DA:133,1
DA:134,7
DA:135,7
LF:75
LH:75
BRF:0
BRH:0
end_of_record
